# JRE version: OpenJDK Runtime Environment JBR-17.0.12+1-1207.37-jcef (17.0.12+1) (build 17.0.12+1-b1207.37)
# Java VM: OpenJDK 64-Bit Server VM JBR-17.0.12+1-1207.37-jcef (17.0.12+1-b1207.37, mixed mode, sharing, tiered, compressed oops, compressed class ptrs, g1 gc, linux-amd64)
Heap:
 garbage-first heap   total 4194304K, used 797090K [0x0000000400000000, 0x0000000800000000)
  region size 8192K, 45 young (368640K), 9 survivors (73728K)
 Metaspace       used 166194K, committed 168384K, reserved 1245184K
  class space    used 25011K, committed 25920K, reserved 1048576K
GC Heap History (20 events):
Event: 4.629 GC heap before
{Heap before GC invocations=5 (full 0):
 garbage-first heap   total 4194304K, used 292673K [0x0000000400000000, 0x0000000800000000)
  region size 8192K, 32 young (262144K), 3 survivors (24576K)
 Metaspace       used 24862K, committed 25280K, reserved 1114112K
  class space    used 2971K, committed 3136K, reserved 1048576K
}
Event: 4.673 GC heap after
{Heap after GC invocations=6 (full 0):
 garbage-first heap   total 4194304K, used 110001K [0x0000000400000000, 0x0000000800000000)
  region size 8192K, 4 young (32768K), 4 survivors (32768K)
 Metaspace       used 24862K, committed 25280K, reserved 1114112K
  class space    used 2971K, committed 3136K, reserved 1048576K
}
Event: 5.780 GC heap before
{Heap before GC invocations=6 (full 0):
 garbage-first heap   total 4194304K, used 282033K [0x0000000400000000, 0x0000000800000000)
  region size 8192K, 25 young (204800K), 4 survivors (32768K)
 Metaspace       used 31662K, committed 32512K, reserved 1114112K
  class space    used 3869K, committed 4224K, reserved 1048576K
}
Event: 5.796 GC heap after
{Heap after GC invocations=7 (full 0):
 garbage-first heap   total 4194304K, used 134255K [0x0000000400000000, 0x0000000800000000)
  region size 8192K, 3 young (24576K), 3 survivors (24576K)
 Metaspace       used 31662K, committed 32512K, reserved 1114112K
  class space    used 3869K, committed 4224K, reserved 1048576K
}
Event: 6.522 GC heap before
{Heap before GC invocations=7 (full 0):
 garbage-first heap   total 4194304K, used 322671K [0x0000000400000000, 0x0000000800000000)
  region size 8192K, 27 young (221184K), 3 survivors (24576K)
 Metaspace       used 35099K, committed 36160K, reserved 1114112K
  class space    used 4248K, committed 4672K, reserved 1048576K
}
Event: 6.537 GC heap after
{Heap after GC invocations=8 (full 0):
 garbage-first heap   total 4194304K, used 139905K [0x0000000400000000, 0x0000000800000000)
  region size 8192K, 1 young (8192K), 1 survivors (8192K)
 Metaspace       used 35099K, committed 36160K, reserved 1114112K
  class space    used 4248K, committed 4672K, reserved 1048576K
}
Event: 9.959 GC heap before
{Heap before GC invocations=9 (full 0):
 garbage-first heap   total 4194304K, used 1499777K [0x0000000400000000, 0x0000000800000000)
  region size 8192K, 167 young (1368064K), 1 survivors (8192K)
 Metaspace       used 40862K, committed 42112K, reserved 1114112K
  class space    used 4938K, committed 5504K, reserved 1048576K
}
Event: 9.984 GC heap after
{Heap after GC invocations=10 (full 0):
 garbage-first heap   total 4194304K, used 162737K [0x0000000400000000, 0x0000000800000000)
  region size 8192K, 4 young (32768K), 4 survivors (32768K)
 Metaspace       used 40862K, committed 42112K, reserved 1114112K
  class space    used 4938K, committed 5504K, reserved 1048576K
}
Event: 14.065 GC heap before
{Heap before GC invocations=10 (full 0):
 garbage-first heap   total 4194304K, used 1825713K [0x0000000400000000, 0x0000000800000000)
  region size 8192K, 205 young (1679360K), 4 survivors (32768K)
 Metaspace       used 47757K, committed 49408K, reserved 1114112K
  class space    used 5840K, committed 6528K, reserved 1048576K
}
Event: 14.107 GC heap after
{Heap after GC invocations=11 (full 0):
 garbage-first heap   total 4194304K, used 236920K [0x0000000400000000, 0x0000000800000000)
  region size 8192K, 11 young (90112K), 11 survivors (90112K)
 Metaspace       used 47757K, committed 49408K, reserved 1114112K
  class space    used 5840K, committed 6528K, reserved 1048576K
}
Event: 15.759 GC heap before
{Heap before GC invocations=11 (full 0):
 garbage-first heap   total 4194304K, used 851320K [0x0000000400000000, 0x0000000800000000)
  region size 8192K, 87 young (712704K), 11 survivors (90112K)
 Metaspace       used 58608K, committed 60288K, reserved 1114112K
  class space    used 7471K, committed 8128K, reserved 1048576K
}
Event: 15.780 GC heap after
{Heap after GC invocations=12 (full 0):
 garbage-first heap   total 4194304K, used 247954K [0x0000000400000000, 0x0000000800000000)
  region size 8192K, 12 young (98304K), 12 survivors (98304K)
 Metaspace       used 58608K, committed 60288K, reserved 1114112K
  class space    used 7471K, committed 8128K, reserved 1048576K
}
Event: 20.811 GC heap before
{Heap before GC invocations=13 (full 0):
 garbage-first heap   total 4194304K, used 1542290K [0x0000000400000000, 0x0000000800000000)
  region size 8192K, 171 young (1400832K), 12 survivors (98304K)
 Metaspace       used 98909K, committed 100800K, reserved 1179648K
  class space    used 14180K, committed 14976K, reserved 1048576K
}
Event: 20.852 GC heap after
{Heap after GC invocations=14 (full 0):
 garbage-first heap   total 4194304K, used 267471K [0x0000000400000000, 0x0000000800000000)
  region size 8192K, 17 young (139264K), 17 survivors (139264K)
 Metaspace       used 98909K, committed 100800K, reserved 1179648K
  class space    used 14180K, committed 14976K, reserved 1048576K
}
Event: 27.638 GC heap before
{Heap before GC invocations=15 (full 0):
 garbage-first heap   total 4194304K, used 2454735K [0x0000000400000000, 0x0000000800000000)
  region size 8192K, 284 young (2326528K), 17 survivors (139264K)
 Metaspace       used 150456K, committed 152512K, reserved 1179648K
  class space    used 22443K, committed 23296K, reserved 1048576K
}
Event: 27.752 GC heap after
{Heap after GC invocations=16 (full 0):
 garbage-first heap   total 4194304K, used 409611K [0x0000000400000000, 0x0000000800000000)
  region size 8192K, 34 young (278528K), 34 survivors (278528K)
 Metaspace       used 150456K, committed 152512K, reserved 1179648K
  class space    used 22443K, committed 23296K, reserved 1048576K
}
Event: 29.364 GC heap before
{Heap before GC invocations=17 (full 0):
 garbage-first heap   total 4194304K, used 1515531K [0x0000000400000000, 0x0000000800000000)
  region size 8192K, 170 young (1392640K), 34 survivors (278528K)
 Metaspace       used 160672K, committed 162880K, reserved 1245184K
  class space    used 24081K, committed 25024K, reserved 1048576K
}
Event: 29.572 GC heap after
{Heap after GC invocations=18 (full 0):
 garbage-first heap   total 4194304K, used 520847K [0x0000000400000000, 0x0000000800000000)
  region size 8192K, 16 young (131072K), 16 survivors (131072K)
 Metaspace       used 160672K, committed 162880K, reserved 1245184K
  class space    used 24081K, committed 25024K, reserved 1048576K
}
Event: 31.527 GC heap before
{Heap before GC invocations=18 (full 0):
 garbage-first heap   total 4194304K, used 1454735K [0x0000000400000000, 0x0000000800000000)
  region size 8192K, 130 young (1064960K), 16 survivors (131072K)
 Metaspace       used 161648K, committed 163776K, reserved 1245184K
  class space    used 24178K, committed 25088K, reserved 1048576K
}
Event: 31.560 GC heap after
{Heap after GC invocations=19 (full 0):
 garbage-first heap   total 4194304K, used 506272K [0x0000000400000000, 0x0000000800000000)
  region size 8192K, 9 young (73728K), 9 survivors (73728K)
 Metaspace       used 161648K, committed 163776K, reserved 1245184K
  class space    used 24178K, committed 25088K, reserved 1048576K
}

