# JRE version: OpenJDK Runtime Environment (17.0.13+11) (build 17.0.13+11)
# Java VM: OpenJDK 64-Bit Server VM (17.0.13+11, mixed mode, sharing, tiered, compressed oops, compressed class ptrs, g1 gc, linux-amd64)
Heap:
 garbage-first heap   total 4194304K, used 2560481K [0x0000000400000000, 0x0000000800000000)
  region size 8192K, 262 young (2146304K), 5 survivors (40960K)
 Metaspace       used 160927K, committed 163200K, reserved 1245184K
  class space    used 23535K, committed 24512K, reserved 1048576K
GC Heap History (20 events):
Event: 3.746 GC heap before
{Heap before GC invocations=5 (full 0):
 garbage-first heap   total 4194304K, used 292235K [0x0000000400000000, 0x0000000800000000)
  region size 8192K, 32 young (262144K), 3 survivors (24576K)
 Metaspace       used 24017K, committed 24512K, reserved 1114112K
  class space    used 2792K, committed 3008K, reserved 1048576K
}
Event: 3.784 GC heap after
{Heap after GC invocations=6 (full 0):
 garbage-first heap   total 4194304K, used 110445K [0x0000000400000000, 0x0000000800000000)
  region size 8192K, 4 young (32768K), 4 survivors (32768K)
 Metaspace       used 24017K, committed 24512K, reserved 1114112K
  class space    used 2792K, committed 3008K, reserved 1048576K
}
Event: 4.459 GC heap before
{Heap before GC invocations=6 (full 0):
 garbage-first heap   total 4194304K, used 274285K [0x0000000400000000, 0x0000000800000000)
  region size 8192K, 25 young (204800K), 4 survivors (32768K)
 Metaspace       used 31301K, committed 32064K, reserved 1114112K
  class space    used 3703K, committed 4032K, reserved 1048576K
}
Event: 4.473 GC heap after
{Heap after GC invocations=7 (full 0):
 garbage-first heap   total 4194304K, used 132861K [0x0000000400000000, 0x0000000800000000)
  region size 8192K, 3 young (24576K), 3 survivors (24576K)
 Metaspace       used 31301K, committed 32064K, reserved 1114112K
  class space    used 3703K, committed 4032K, reserved 1048576K
}
Event: 5.180 GC heap before
{Heap before GC invocations=7 (full 0):
 garbage-first heap   total 4194304K, used 485117K [0x0000000400000000, 0x0000000800000000)
  region size 8192K, 46 young (376832K), 3 survivors (24576K)
 Metaspace       used 34034K, committed 35136K, reserved 1114112K
  class space    used 3997K, committed 4480K, reserved 1048576K
}
Event: 5.194 GC heap after
{Heap after GC invocations=8 (full 0):
 garbage-first heap   total 4194304K, used 138656K [0x0000000400000000, 0x0000000800000000)
  region size 8192K, 4 young (32768K), 4 survivors (32768K)
 Metaspace       used 34034K, committed 35136K, reserved 1114112K
  class space    used 3997K, committed 4480K, reserved 1048576K
}
Event: 6.133 GC heap before
{Heap before GC invocations=8 (full 0):
 garbage-first heap   total 4194304K, used 687520K [0x0000000400000000, 0x0000000800000000)
  region size 8192K, 72 young (589824K), 4 survivors (32768K)
 Metaspace       used 35046K, committed 36160K, reserved 1114112K
  class space    used 4085K, committed 4608K, reserved 1048576K
}
Event: 6.153 GC heap after
{Heap after GC invocations=9 (full 0):
 garbage-first heap   total 4194304K, used 148667K [0x0000000400000000, 0x0000000800000000)
  region size 8192K, 5 young (40960K), 5 survivors (40960K)
 Metaspace       used 35046K, committed 36160K, reserved 1114112K
  class space    used 4085K, committed 4608K, reserved 1048576K
}
Event: 9.058 GC heap before
{Heap before GC invocations=10 (full 0):
 garbage-first heap   total 4194304K, used 1361083K [0x0000000400000000, 0x0000000800000000)
  region size 8192K, 153 young (1253376K), 5 survivors (40960K)
 Metaspace       used 40582K, committed 42112K, reserved 1114112K
  class space    used 4773K, committed 5440K, reserved 1048576K
}
Event: 9.086 GC heap after
{Heap after GC invocations=11 (full 0):
 garbage-first heap   total 4194304K, used 181983K [0x0000000400000000, 0x0000000800000000)
  region size 8192K, 9 young (73728K), 9 survivors (73728K)
 Metaspace       used 40582K, committed 42112K, reserved 1114112K
  class space    used 4773K, committed 5440K, reserved 1048576K
}
Event: 12.567 GC heap before
{Heap before GC invocations=11 (full 0):
 garbage-first heap   total 4194304K, used 1894111K [0x0000000400000000, 0x0000000800000000)
  region size 8192K, 217 young (1777664K), 9 survivors (73728K)
 Metaspace       used 57580K, committed 59328K, reserved 1114112K
  class space    used 7171K, committed 7936K, reserved 1048576K
}
Event: 12.613 GC heap after
{Heap after GC invocations=12 (full 0):
 garbage-first heap   total 4194304K, used 242708K [0x0000000400000000, 0x0000000800000000)
  region size 8192K, 14 young (114688K), 14 survivors (114688K)
 Metaspace       used 57580K, committed 59328K, reserved 1114112K
  class space    used 7171K, committed 7936K, reserved 1048576K
}
Event: 12.781 GC heap before
{Heap before GC invocations=12 (full 0):
 garbage-first heap   total 4194304K, used 300052K [0x0000000400000000, 0x0000000800000000)
  region size 8192K, 22 young (180224K), 14 survivors (114688K)
 Metaspace       used 58731K, committed 60480K, reserved 1114112K
  class space    used 7358K, committed 8128K, reserved 1048576K
}
Event: 12.804 GC heap after
{Heap after GC invocations=13 (full 0):
 garbage-first heap   total 4194304K, used 249865K [0x0000000400000000, 0x0000000800000000)
  region size 8192K, 13 young (106496K), 13 survivors (106496K)
 Metaspace       used 58731K, committed 60480K, reserved 1114112K
  class space    used 7358K, committed 8128K, reserved 1048576K
}
Event: 17.373 GC heap before
{Heap before GC invocations=14 (full 0):
 garbage-first heap   total 4194304K, used 1527817K [0x0000000400000000, 0x0000000800000000)
  region size 8192K, 170 young (1392640K), 13 survivors (106496K)
 Metaspace       used 99148K, committed 101120K, reserved 1179648K
  class space    used 13852K, committed 14720K, reserved 1048576K
}
Event: 17.412 GC heap after
{Heap after GC invocations=15 (full 0):
 garbage-first heap   total 4194304K, used 269997K [0x0000000400000000, 0x0000000800000000)
  region size 8192K, 17 young (139264K), 17 survivors (139264K)
 Metaspace       used 99148K, committed 101120K, reserved 1179648K
  class space    used 13852K, committed 14720K, reserved 1048576K
}
Event: 23.743 GC heap before
{Heap before GC invocations=16 (full 0):
 garbage-first heap   total 4194304K, used 2645677K [0x0000000400000000, 0x0000000800000000)
  region size 8192K, 307 young (2514944K), 17 survivors (139264K)
 Metaspace       used 146668K, committed 148864K, reserved 1179648K
  class space    used 21257K, committed 22208K, reserved 1048576K
}
Event: 23.850 GC heap after
{Heap after GC invocations=17 (full 0):
 garbage-first heap   total 4194304K, used 428810K [0x0000000400000000, 0x0000000800000000)
  region size 8192K, 37 young (303104K), 37 survivors (303104K)
 Metaspace       used 146668K, committed 148864K, reserved 1179648K
  class space    used 21257K, committed 22208K, reserved 1048576K
}
Event: 23.854 GC heap before
{Heap before GC invocations=17 (full 0):
 garbage-first heap   total 4194304K, used 428810K [0x0000000400000000, 0x0000000800000000)
  region size 8192K, 38 young (311296K), 37 survivors (303104K)
 Metaspace       used 146670K, committed 148864K, reserved 1179648K
  class space    used 21257K, committed 22208K, reserved 1048576K
}
Event: 24.092 GC heap after
{Heap after GC invocations=18 (full 0):
 garbage-first heap   total 4194304K, used 459233K [0x0000000400000000, 0x0000000800000000)
  region size 8192K, 5 young (40960K), 5 survivors (40960K)
 Metaspace       used 146670K, committed 148864K, reserved 1179648K
  class space    used 21257K, committed 22208K, reserved 1048576K
}

